{"name":"hexo","hostname":"PC201606141041","pid":2384,"level":20,"msg":"Hexo version: 3.2.0","time":"2016-06-21T02:12:19.195Z","v":0}
{"name":"hexo","hostname":"PC201606141041","pid":2384,"level":20,"msg":"Working directory: D:\\learning\\sunhengzhe.github.io\\","time":"2016-06-21T02:12:19.198Z","v":0}
{"name":"hexo","hostname":"PC201606141041","pid":2384,"level":20,"msg":"Config loaded: D:\\learning\\sunhengzhe.github.io\\_config.yml","time":"2016-06-21T02:12:19.356Z","v":0}
{"name":"hexo","hostname":"PC201606141041","pid":2384,"level":20,"msg":"Plugin loaded: hexo-deployer-git","time":"2016-06-21T02:12:19.396Z","v":0}
{"name":"hexo","hostname":"PC201606141041","pid":2384,"level":20,"msg":"Plugin loaded: hexo-generator-archive","time":"2016-06-21T02:12:19.400Z","v":0}
{"name":"hexo","hostname":"PC201606141041","pid":2384,"level":20,"msg":"Plugin loaded: hexo-generator-category","time":"2016-06-21T02:12:19.403Z","v":0}
{"name":"hexo","hostname":"PC201606141041","pid":2384,"level":20,"msg":"Plugin loaded: hexo-generator-index","time":"2016-06-21T02:12:19.406Z","v":0}
{"name":"hexo","hostname":"PC201606141041","pid":2384,"level":20,"msg":"Plugin loaded: hexo-renderer-ejs","time":"2016-06-21T02:12:19.410Z","v":0}
{"name":"hexo","hostname":"PC201606141041","pid":2384,"level":20,"msg":"Plugin loaded: hexo-generator-tag","time":"2016-06-21T02:12:19.411Z","v":0}
{"name":"hexo","hostname":"PC201606141041","pid":2384,"level":20,"msg":"Plugin loaded: hexo-renderer-marked","time":"2016-06-21T02:12:19.437Z","v":0}
{"name":"hexo","hostname":"PC201606141041","pid":2384,"level":20,"msg":"Plugin loaded: hexo-renderer-stylus","time":"2016-06-21T02:12:19.440Z","v":0}
{"name":"hexo","hostname":"PC201606141041","pid":2384,"level":20,"msg":"Plugin loaded: hexo-server","time":"2016-06-21T02:12:19.520Z","v":0}
{"name":"hexo","hostname":"PC201606141041","pid":2384,"level":20,"msg":"Script loaded: themes\\next\\scripts\\merge-configs.js","time":"2016-06-21T02:12:19.522Z","v":0}
{"name":"hexo","hostname":"PC201606141041","pid":2384,"level":20,"msg":"Script loaded: themes\\next\\scripts\\tags\\center-quote.js","time":"2016-06-21T02:12:19.522Z","v":0}
{"name":"hexo","hostname":"PC201606141041","pid":2384,"level":20,"msg":"Script loaded: themes\\next\\scripts\\tags\\full-image.js","time":"2016-06-21T02:12:19.522Z","v":0}
{"name":"hexo","hostname":"PC201606141041","pid":2384,"level":20,"msg":"Script loaded: themes\\next\\scripts\\tags\\group-pictures.js","time":"2016-06-21T02:12:19.523Z","v":0}
{"name":"hexo","hostname":"PC201606141041","pid":2384,"level":20,"msg":"Loading database.","time":"2016-06-21T02:12:19.535Z","v":0}
{"name":"hexo","hostname":"PC201606141041","pid":2384,"level":30,"msg":"Start processing","time":"2016-06-21T02:12:19.543Z","v":0}
{"name":"hexo","hostname":"PC201606141041","pid":2384,"level":20,"msg":"Theme config loaded.","time":"2016-06-21T02:12:19.651Z","v":0}
{"name":"hexo","hostname":"PC201606141041","pid":2384,"level":20,"msg":"Processed: _config.yml","time":"2016-06-21T02:12:19.654Z","v":0}
{"name":"hexo","hostname":"PC201606141041","pid":2384,"level":20,"msg":"Processed: source/css/main.styl","time":"2016-06-21T02:12:19.664Z","v":0}
{"name":"hexo","hostname":"PC201606141041","pid":2384,"level":20,"msg":"Processed: source/images/avatar.gif","time":"2016-06-21T02:12:19.665Z","v":0}
{"name":"hexo","hostname":"PC201606141041","pid":2384,"level":20,"msg":"Processed: source/images/cc-by-nc-nd.svg","time":"2016-06-21T02:12:19.666Z","v":0}
{"name":"hexo","hostname":"PC201606141041","pid":2384,"level":20,"msg":"Processed: source/images/cc-by-nc-sa.svg","time":"2016-06-21T02:12:19.667Z","v":0}
{"name":"hexo","hostname":"PC201606141041","pid":2384,"level":20,"msg":"Processed: source/images/cc-by-nc.svg","time":"2016-06-21T02:12:19.668Z","v":0}
{"name":"hexo","hostname":"PC201606141041","pid":2384,"level":20,"msg":"Processed: source/images/cc-by-nd.svg","time":"2016-06-21T02:12:19.668Z","v":0}
{"name":"hexo","hostname":"PC201606141041","pid":2384,"level":20,"msg":"Processed: source/images/cc-zero.svg","time":"2016-06-21T02:12:19.670Z","v":0}
{"name":"hexo","hostname":"PC201606141041","pid":2384,"level":20,"msg":"Processed: source/images/cc-by.svg","time":"2016-06-21T02:12:19.670Z","v":0}
{"name":"hexo","hostname":"PC201606141041","pid":2384,"level":20,"msg":"Processed: source/images/cc-by-sa.svg","time":"2016-06-21T02:12:19.671Z","v":0}
{"name":"hexo","hostname":"PC201606141041","pid":2384,"level":20,"msg":"Processed: source/images/loading.gif","time":"2016-06-21T02:12:19.671Z","v":0}
{"name":"hexo","hostname":"PC201606141041","pid":2384,"level":20,"msg":"Processed: source/images/placeholder.gif","time":"2016-06-21T02:12:19.671Z","v":0}
{"name":"hexo","hostname":"PC201606141041","pid":2384,"level":20,"msg":"Processed: source/images/quote-l.svg","time":"2016-06-21T02:12:19.671Z","v":0}
{"name":"hexo","hostname":"PC201606141041","pid":2384,"level":20,"msg":"Processed: source/images/quote-r.svg","time":"2016-06-21T02:12:19.671Z","v":0}
{"name":"hexo","hostname":"PC201606141041","pid":2384,"level":20,"msg":"Processed: source/images/searchicon.png","time":"2016-06-21T02:12:19.672Z","v":0}
{"name":"hexo","hostname":"PC201606141041","pid":2384,"level":20,"msg":"Processed: layout/_layout.swig","time":"2016-06-21T02:12:19.826Z","v":0}
{"name":"hexo","hostname":"PC201606141041","pid":2384,"level":20,"msg":"Processed: layout/archive.swig","time":"2016-06-21T02:12:19.826Z","v":0}
{"name":"hexo","hostname":"PC201606141041","pid":2384,"level":20,"msg":"Processed: layout/category.swig","time":"2016-06-21T02:12:19.826Z","v":0}
{"name":"hexo","hostname":"PC201606141041","pid":2384,"level":20,"msg":"Processed: layout/page.swig","time":"2016-06-21T02:12:19.826Z","v":0}
{"name":"hexo","hostname":"PC201606141041","pid":2384,"level":20,"msg":"Processed: layout/index.swig","time":"2016-06-21T02:12:19.826Z","v":0}
{"name":"hexo","hostname":"PC201606141041","pid":2384,"level":20,"msg":"Processed: layout/post.swig","time":"2016-06-21T02:12:19.826Z","v":0}
{"name":"hexo","hostname":"PC201606141041","pid":2384,"level":20,"msg":"Processed: _posts/hello-world.md","time":"2016-06-21T02:12:19.838Z","v":0}
{"name":"hexo","hostname":"PC201606141041","pid":2384,"level":20,"msg":"Processed: languages/de.yml","time":"2016-06-21T02:12:19.838Z","v":0}
{"name":"hexo","hostname":"PC201606141041","pid":2384,"level":20,"msg":"Processed: languages/default.yml","time":"2016-06-21T02:12:19.838Z","v":0}
{"name":"hexo","hostname":"PC201606141041","pid":2384,"level":20,"msg":"Processed: languages/en.yml","time":"2016-06-21T02:12:19.839Z","v":0}
{"name":"hexo","hostname":"PC201606141041","pid":2384,"level":20,"msg":"Processed: languages/fr-FR.yml","time":"2016-06-21T02:12:19.839Z","v":0}
{"name":"hexo","hostname":"PC201606141041","pid":2384,"level":20,"msg":"Processed: languages/id.yml","time":"2016-06-21T02:12:19.839Z","v":0}
{"name":"hexo","hostname":"PC201606141041","pid":2384,"level":20,"msg":"Processed: languages/ja.yml","time":"2016-06-21T02:12:19.839Z","v":0}
{"name":"hexo","hostname":"PC201606141041","pid":2384,"level":20,"msg":"Processed: languages/pt.yml","time":"2016-06-21T02:12:19.839Z","v":0}
{"name":"hexo","hostname":"PC201606141041","pid":2384,"level":20,"msg":"Processed: languages/ru.yml","time":"2016-06-21T02:12:19.839Z","v":0}
{"name":"hexo","hostname":"PC201606141041","pid":2384,"level":20,"msg":"Processed: languages/zh-Hans.yml","time":"2016-06-21T02:12:19.839Z","v":0}
{"name":"hexo","hostname":"PC201606141041","pid":2384,"level":20,"msg":"Processed: languages/zh-tw.yml","time":"2016-06-21T02:12:19.839Z","v":0}
{"name":"hexo","hostname":"PC201606141041","pid":2384,"level":20,"msg":"Processed: languages/zh-hk.yml","time":"2016-06-21T02:12:19.839Z","v":0}
{"name":"hexo","hostname":"PC201606141041","pid":2384,"level":20,"msg":"Processed: source/js/src/affix.js","time":"2016-06-21T02:12:19.848Z","v":0}
{"name":"hexo","hostname":"PC201606141041","pid":2384,"level":20,"msg":"Processed: source/js/src/hook-duoshuo.js","time":"2016-06-21T02:12:19.848Z","v":0}
{"name":"hexo","hostname":"PC201606141041","pid":2384,"level":20,"msg":"Processed: source/js/src/bootstrap.js","time":"2016-06-21T02:12:19.848Z","v":0}
{"name":"hexo","hostname":"PC201606141041","pid":2384,"level":20,"msg":"Processed: source/js/src/post-details.js","time":"2016-06-21T02:12:19.848Z","v":0}
{"name":"hexo","hostname":"PC201606141041","pid":2384,"level":20,"msg":"Processed: source/js/src/motion.js","time":"2016-06-21T02:12:19.848Z","v":0}
{"name":"hexo","hostname":"PC201606141041","pid":2384,"level":20,"msg":"Processed: source/js/src/scrollspy.js","time":"2016-06-21T02:12:19.848Z","v":0}
{"name":"hexo","hostname":"PC201606141041","pid":2384,"level":20,"msg":"Processed: source/js/src/utils.js","time":"2016-06-21T02:12:19.849Z","v":0}
{"name":"hexo","hostname":"PC201606141041","pid":2384,"level":20,"msg":"Processed: layout/tag.swig","time":"2016-06-21T02:12:19.904Z","v":0}
{"name":"hexo","hostname":"PC201606141041","pid":2384,"level":20,"msg":"Processed: source/vendors/fastclick/LICENSE","time":"2016-06-21T02:12:19.906Z","v":0}
{"name":"hexo","hostname":"PC201606141041","pid":2384,"level":20,"msg":"Processed: source/vendors/fastclick/README.md","time":"2016-06-21T02:12:19.906Z","v":0}
{"name":"hexo","hostname":"PC201606141041","pid":2384,"level":20,"msg":"Processed: source/vendors/fastclick/bower.json","time":"2016-06-21T02:12:19.907Z","v":0}
{"name":"hexo","hostname":"PC201606141041","pid":2384,"level":20,"msg":"Processed: source/vendors/font-awesome/bower.json","time":"2016-06-21T02:12:19.910Z","v":0}
{"name":"hexo","hostname":"PC201606141041","pid":2384,"level":20,"msg":"Processed: source/vendors/font-awesome/HELP-US-OUT.txt","time":"2016-06-21T02:12:19.910Z","v":0}
{"name":"hexo","hostname":"PC201606141041","pid":2384,"level":20,"msg":"Processed: source/vendors/jquery_lazyload/CONTRIBUTING.md","time":"2016-06-21T02:12:19.911Z","v":0}
{"name":"hexo","hostname":"PC201606141041","pid":2384,"level":20,"msg":"Processed: source/vendors/jquery_lazyload/README.md","time":"2016-06-21T02:12:19.912Z","v":0}
{"name":"hexo","hostname":"PC201606141041","pid":2384,"level":20,"msg":"Processed: source/vendors/jquery_lazyload/bower.json","time":"2016-06-21T02:12:19.912Z","v":0}
{"name":"hexo","hostname":"PC201606141041","pid":2384,"level":20,"msg":"Processed: source/vendors/jquery_lazyload/jquery.lazyload.js","time":"2016-06-21T02:12:19.914Z","v":0}
{"name":"hexo","hostname":"PC201606141041","pid":2384,"level":20,"msg":"Processed: source/vendors/jquery_lazyload/jquery.scrollstop.js","time":"2016-06-21T02:12:19.914Z","v":0}
{"name":"hexo","hostname":"PC201606141041","pid":2384,"level":20,"msg":"Processed: source/vendors/velocity/bower.json","time":"2016-06-21T02:12:19.914Z","v":0}
{"name":"hexo","hostname":"PC201606141041","pid":2384,"level":20,"msg":"Processed: source/vendors/velocity/velocity.min.js","time":"2016-06-21T02:12:19.914Z","v":0}
{"name":"hexo","hostname":"PC201606141041","pid":2384,"level":20,"msg":"Processed: source/vendors/velocity/velocity.ui.min.js","time":"2016-06-21T02:12:19.915Z","v":0}
{"name":"hexo","hostname":"PC201606141041","pid":2384,"level":20,"msg":"Processed: source/vendors/velocity/velocity.ui.js","time":"2016-06-21T02:12:19.915Z","v":0}
{"name":"hexo","hostname":"PC201606141041","pid":2384,"level":20,"msg":"Processed: layout/_macro/post-collapse.swig","time":"2016-06-21T02:12:19.954Z","v":0}
{"name":"hexo","hostname":"PC201606141041","pid":2384,"level":20,"msg":"Processed: layout/_macro/reward.swig","time":"2016-06-21T02:12:19.954Z","v":0}
{"name":"hexo","hostname":"PC201606141041","pid":2384,"level":20,"msg":"Processed: layout/_macro/sidebar.swig","time":"2016-06-21T02:12:19.954Z","v":0}
{"name":"hexo","hostname":"PC201606141041","pid":2384,"level":20,"msg":"Processed: layout/_macro/wechat-subscriber.swig","time":"2016-06-21T02:12:19.954Z","v":0}
{"name":"hexo","hostname":"PC201606141041","pid":2384,"level":20,"msg":"Processed: layout/_partials/comments.swig","time":"2016-06-21T02:12:19.954Z","v":0}
{"name":"hexo","hostname":"PC201606141041","pid":2384,"level":20,"msg":"Processed: layout/_partials/duoshuo-hot-articles.swig","time":"2016-06-21T02:12:19.954Z","v":0}
{"name":"hexo","hostname":"PC201606141041","pid":2384,"level":20,"msg":"Processed: layout/_partials/footer.swig","time":"2016-06-21T02:12:19.954Z","v":0}
{"name":"hexo","hostname":"PC201606141041","pid":2384,"level":20,"msg":"Processed: layout/_partials/head.swig","time":"2016-06-21T02:12:19.954Z","v":0}
{"name":"hexo","hostname":"PC201606141041","pid":2384,"level":20,"msg":"Processed: layout/_partials/header.swig","time":"2016-06-21T02:12:19.954Z","v":0}
{"name":"hexo","hostname":"PC201606141041","pid":2384,"level":20,"msg":"Processed: layout/_macro/post.swig","time":"2016-06-21T02:12:19.954Z","v":0}
{"name":"hexo","hostname":"PC201606141041","pid":2384,"level":20,"msg":"Processed: layout/_partials/pagination.swig","time":"2016-06-21T02:12:19.954Z","v":0}
{"name":"hexo","hostname":"PC201606141041","pid":2384,"level":20,"msg":"Processed: layout/_partials/search.swig","time":"2016-06-21T02:12:19.955Z","v":0}
{"name":"hexo","hostname":"PC201606141041","pid":2384,"level":20,"msg":"Processed: layout/_scripts/baidu-push.swig","time":"2016-06-21T02:12:19.955Z","v":0}
{"name":"hexo","hostname":"PC201606141041","pid":2384,"level":20,"msg":"Processed: layout/_scripts/boostrap.swig","time":"2016-06-21T02:12:19.955Z","v":0}
{"name":"hexo","hostname":"PC201606141041","pid":2384,"level":20,"msg":"Processed: layout/_scripts/commons.swig","time":"2016-06-21T02:12:19.955Z","v":0}
{"name":"hexo","hostname":"PC201606141041","pid":2384,"level":20,"msg":"Processed: layout/_scripts/vendors.swig","time":"2016-06-21T02:12:19.955Z","v":0}
{"name":"hexo","hostname":"PC201606141041","pid":2384,"level":20,"msg":"Processed: source/vendors/jquery/index.js","time":"2016-06-21T02:12:19.955Z","v":0}
{"name":"hexo","hostname":"PC201606141041","pid":2384,"level":20,"msg":"Processed: source/js/src/schemes/pisces.js","time":"2016-06-21T02:12:19.959Z","v":0}
{"name":"hexo","hostname":"PC201606141041","pid":2384,"level":20,"msg":"Processed: layout/_scripts/schemes/muse.swig","time":"2016-06-21T02:12:19.965Z","v":0}
{"name":"hexo","hostname":"PC201606141041","pid":2384,"level":20,"msg":"Processed: layout/_scripts/schemes/mist.swig","time":"2016-06-21T02:12:19.966Z","v":0}
{"name":"hexo","hostname":"PC201606141041","pid":2384,"level":20,"msg":"Processed: source/vendors/fastclick/lib/fastclick.js","time":"2016-06-21T02:12:19.966Z","v":0}
{"name":"hexo","hostname":"PC201606141041","pid":2384,"level":20,"msg":"Processed: source/vendors/fastclick/lib/fastclick.min.js","time":"2016-06-21T02:12:19.966Z","v":0}
{"name":"hexo","hostname":"PC201606141041","pid":2384,"level":20,"msg":"Processed: source/vendors/fancybox/source/blank.gif","time":"2016-06-21T02:12:19.967Z","v":0}
{"name":"hexo","hostname":"PC201606141041","pid":2384,"level":20,"msg":"Processed: source/vendors/fancybox/source/fancybox_loading.gif","time":"2016-06-21T02:12:19.967Z","v":0}
{"name":"hexo","hostname":"PC201606141041","pid":2384,"level":20,"msg":"Processed: source/vendors/fancybox/source/fancybox_loading@2x.gif","time":"2016-06-21T02:12:19.967Z","v":0}
{"name":"hexo","hostname":"PC201606141041","pid":2384,"level":20,"msg":"Processed: source/vendors/fancybox/source/fancybox_overlay.png","time":"2016-06-21T02:12:19.967Z","v":0}
{"name":"hexo","hostname":"PC201606141041","pid":2384,"level":20,"msg":"Processed: source/vendors/fancybox/source/fancybox_sprite.png","time":"2016-06-21T02:12:19.968Z","v":0}
{"name":"hexo","hostname":"PC201606141041","pid":2384,"level":20,"msg":"Processed: source/vendors/fancybox/source/fancybox_sprite@2x.png","time":"2016-06-21T02:12:19.968Z","v":0}
{"name":"hexo","hostname":"PC201606141041","pid":2384,"level":20,"msg":"Processed: source/vendors/fancybox/source/jquery.fancybox.css","time":"2016-06-21T02:12:19.968Z","v":0}
{"name":"hexo","hostname":"PC201606141041","pid":2384,"level":20,"msg":"Processed: source/vendors/fancybox/source/jquery.fancybox.js","time":"2016-06-21T02:12:19.968Z","v":0}
{"name":"hexo","hostname":"PC201606141041","pid":2384,"level":20,"msg":"Processed: source/vendors/fancybox/source/jquery.fancybox.pack.js","time":"2016-06-21T02:12:19.969Z","v":0}
{"name":"hexo","hostname":"PC201606141041","pid":2384,"level":20,"msg":"Processed: source/vendors/font-awesome/css/font-awesome.css","time":"2016-06-21T02:12:19.969Z","v":0}
{"name":"hexo","hostname":"PC201606141041","pid":2384,"level":20,"msg":"Processed: source/vendors/font-awesome/css/font-awesome.css.map","time":"2016-06-21T02:12:19.969Z","v":0}
{"name":"hexo","hostname":"PC201606141041","pid":2384,"level":20,"msg":"Processed: source/vendors/font-awesome/css/font-awesome.min.css","time":"2016-06-21T02:12:19.969Z","v":0}
{"name":"hexo","hostname":"PC201606141041","pid":2384,"level":20,"msg":"Processed: source/vendors/ua-parser-js/dist/ua-parser.min.js","time":"2016-06-21T02:12:19.969Z","v":0}
{"name":"hexo","hostname":"PC201606141041","pid":2384,"level":20,"msg":"Processed: source/vendors/font-awesome/fonts/fontawesome-webfont.woff2","time":"2016-06-21T02:12:19.970Z","v":0}
{"name":"hexo","hostname":"PC201606141041","pid":2384,"level":20,"msg":"Processed: source/vendors/ua-parser-js/dist/ua-parser.pack.js","time":"2016-06-21T02:12:19.970Z","v":0}
{"name":"hexo","hostname":"PC201606141041","pid":2384,"level":20,"msg":"Processed: layout/_partials/head/external-fonts.swig","time":"2016-06-21T02:12:19.981Z","v":0}
{"name":"hexo","hostname":"PC201606141041","pid":2384,"level":20,"msg":"Processed: layout/_partials/search/localsearch.swig","time":"2016-06-21T02:12:19.981Z","v":0}
{"name":"hexo","hostname":"PC201606141041","pid":2384,"level":20,"msg":"Processed: layout/_partials/search/swiftype.swig","time":"2016-06-21T02:12:19.981Z","v":0}
{"name":"hexo","hostname":"PC201606141041","pid":2384,"level":20,"msg":"Processed: layout/_partials/search/tinysou.swig","time":"2016-06-21T02:12:19.982Z","v":0}
{"name":"hexo","hostname":"PC201606141041","pid":2384,"level":20,"msg":"Processed: layout/_partials/share/add-this.swig","time":"2016-06-21T02:12:19.982Z","v":0}
{"name":"hexo","hostname":"PC201606141041","pid":2384,"level":20,"msg":"Processed: layout/_partials/share/baidushare.swig","time":"2016-06-21T02:12:19.982Z","v":0}
{"name":"hexo","hostname":"PC201606141041","pid":2384,"level":20,"msg":"Processed: layout/_partials/share/duoshuo_share.swig","time":"2016-06-21T02:12:19.982Z","v":0}
{"name":"hexo","hostname":"PC201606141041","pid":2384,"level":20,"msg":"Processed: layout/_partials/share/jiathis.swig","time":"2016-06-21T02:12:19.982Z","v":0}
{"name":"hexo","hostname":"PC201606141041","pid":2384,"level":20,"msg":"Processed: layout/_scripts/schemes/pisces.swig","time":"2016-06-21T02:12:19.982Z","v":0}
{"name":"hexo","hostname":"PC201606141041","pid":2384,"level":20,"msg":"Processed: layout/_scripts/third-party/comments.swig","time":"2016-06-21T02:12:19.982Z","v":0}
{"name":"hexo","hostname":"PC201606141041","pid":2384,"level":20,"msg":"Processed: layout/_scripts/pages/post-details.swig","time":"2016-06-21T02:12:19.982Z","v":0}
{"name":"hexo","hostname":"PC201606141041","pid":2384,"level":20,"msg":"Processed: layout/_scripts/third-party/lean-analytics.swig","time":"2016-06-21T02:12:19.982Z","v":0}
{"name":"hexo","hostname":"PC201606141041","pid":2384,"level":20,"msg":"Processed: layout/_scripts/third-party/localsearch.swig","time":"2016-06-21T02:12:19.982Z","v":0}
{"name":"hexo","hostname":"PC201606141041","pid":2384,"level":20,"msg":"Processed: layout/_scripts/third-party/mathjax.swig","time":"2016-06-21T02:12:19.982Z","v":0}
{"name":"hexo","hostname":"PC201606141041","pid":2384,"level":20,"msg":"Processed: layout/_scripts/third-party/tinysou.swig","time":"2016-06-21T02:12:19.982Z","v":0}
{"name":"hexo","hostname":"PC201606141041","pid":2384,"level":20,"msg":"Processed: layout/_scripts/third-party/analytics.swig","time":"2016-06-21T02:12:19.982Z","v":0}
{"name":"hexo","hostname":"PC201606141041","pid":2384,"level":20,"msg":"Processed: source/vendors/font-awesome/fonts/FontAwesome.otf","time":"2016-06-21T02:12:19.983Z","v":0}
{"name":"hexo","hostname":"PC201606141041","pid":2384,"level":20,"msg":"Processed: source/vendors/font-awesome/fonts/fontawesome-webfont.eot","time":"2016-06-21T02:12:19.984Z","v":0}
{"name":"hexo","hostname":"PC201606141041","pid":2384,"level":20,"msg":"Processed: source/vendors/font-awesome/fonts/fontawesome-webfont.woff","time":"2016-06-21T02:12:19.984Z","v":0}
{"name":"hexo","hostname":"PC201606141041","pid":2384,"level":20,"msg":"Processed: source/vendors/velocity/velocity.js","time":"2016-06-21T02:12:19.984Z","v":0}
{"name":"hexo","hostname":"PC201606141041","pid":2384,"level":20,"msg":"Processed: source/vendors/fancybox/source/helpers/jquery.fancybox-buttons.js","time":"2016-06-21T02:12:19.991Z","v":0}
{"name":"hexo","hostname":"PC201606141041","pid":2384,"level":20,"msg":"Processed: source/vendors/fancybox/source/helpers/jquery.fancybox-buttons.css","time":"2016-06-21T02:12:19.991Z","v":0}
{"name":"hexo","hostname":"PC201606141041","pid":2384,"level":20,"msg":"Processed: source/vendors/fancybox/source/helpers/jquery.fancybox-thumbs.css","time":"2016-06-21T02:12:19.992Z","v":0}
{"name":"hexo","hostname":"PC201606141041","pid":2384,"level":20,"msg":"Processed: source/vendors/fancybox/source/helpers/fancybox_buttons.png","time":"2016-06-21T02:12:19.992Z","v":0}
{"name":"hexo","hostname":"PC201606141041","pid":2384,"level":20,"msg":"Processed: source/vendors/fancybox/source/helpers/jquery.fancybox-media.js","time":"2016-06-21T02:12:19.992Z","v":0}
{"name":"hexo","hostname":"PC201606141041","pid":2384,"level":20,"msg":"Processed: source/vendors/fancybox/source/helpers/jquery.fancybox-thumbs.js","time":"2016-06-21T02:12:19.993Z","v":0}
{"name":"hexo","hostname":"PC201606141041","pid":2384,"level":20,"msg":"Processed: source/vendors/font-awesome/fonts/fontawesome-webfont.ttf","time":"2016-06-21T02:12:19.993Z","v":0}
{"name":"hexo","hostname":"PC201606141041","pid":2384,"level":20,"msg":"Processed: layout/_scripts/third-party/analytics/baidu-analytics.swig","time":"2016-06-21T02:12:19.999Z","v":0}
{"name":"hexo","hostname":"PC201606141041","pid":2384,"level":20,"msg":"Processed: layout/_scripts/third-party/analytics/cnzz-analytics.swig","time":"2016-06-21T02:12:19.999Z","v":0}
{"name":"hexo","hostname":"PC201606141041","pid":2384,"level":20,"msg":"Processed: layout/_scripts/third-party/analytics/busuanzi-counter.swig","time":"2016-06-21T02:12:19.999Z","v":0}
{"name":"hexo","hostname":"PC201606141041","pid":2384,"level":20,"msg":"Processed: layout/_scripts/third-party/analytics/tencent-analytics.swig","time":"2016-06-21T02:12:19.999Z","v":0}
{"name":"hexo","hostname":"PC201606141041","pid":2384,"level":20,"msg":"Processed: layout/_scripts/third-party/analytics/google-analytics.swig","time":"2016-06-21T02:12:19.999Z","v":0}
{"name":"hexo","hostname":"PC201606141041","pid":2384,"level":20,"msg":"Processed: layout/_scripts/third-party/analytics/facebook-sdk.swig","time":"2016-06-21T02:12:19.999Z","v":0}
{"name":"hexo","hostname":"PC201606141041","pid":2384,"level":20,"msg":"Processed: layout/_scripts/third-party/comments/duoshuo.swig","time":"2016-06-21T02:12:20.000Z","v":0}
{"name":"hexo","hostname":"PC201606141041","pid":2384,"level":20,"msg":"Processed: layout/_scripts/third-party/comments/disqus.swig","time":"2016-06-21T02:12:20.000Z","v":0}
{"name":"hexo","hostname":"PC201606141041","pid":2384,"level":20,"msg":"Processed: source/vendors/font-awesome/fonts/fontawesome-webfont.svg","time":"2016-06-21T02:12:20.001Z","v":0}
{"name":"hexo","hostname":"PC201606141041","pid":2384,"level":20,"msg":"Generator: page","time":"2016-06-21T02:12:20.274Z","v":0}
{"name":"hexo","hostname":"PC201606141041","pid":2384,"level":20,"msg":"Generator: post","time":"2016-06-21T02:12:20.274Z","v":0}
{"name":"hexo","hostname":"PC201606141041","pid":2384,"level":20,"msg":"Generator: archive","time":"2016-06-21T02:12:20.274Z","v":0}
{"name":"hexo","hostname":"PC201606141041","pid":2384,"level":20,"msg":"Generator: category","time":"2016-06-21T02:12:20.274Z","v":0}
{"name":"hexo","hostname":"PC201606141041","pid":2384,"level":20,"msg":"Generator: index","time":"2016-06-21T02:12:20.274Z","v":0}
{"name":"hexo","hostname":"PC201606141041","pid":2384,"level":20,"msg":"Generator: tag","time":"2016-06-21T02:12:20.274Z","v":0}
{"name":"hexo","hostname":"PC201606141041","pid":2384,"level":20,"msg":"Generator: asset","time":"2016-06-21T02:12:20.275Z","v":0}
{"name":"hexo","hostname":"PC201606141041","pid":2384,"level":30,"msg":"Hexo is running at http://localhost:4000/. Press Ctrl+C to stop.","time":"2016-06-21T02:12:20.282Z","v":0}
{"name":"hexo","hostname":"PC201606141041","pid":2384,"level":20,"msg":"Database saved","time":"2016-06-21T02:12:20.305Z","v":0}
{"name":"hexo","hostname":"PC201606141041","pid":2384,"level":20,"msg":"Rendering index: index.html","time":"2016-06-21T02:12:37.576Z","v":0}
{"name":"hexo","hostname":"PC201606141041","pid":2384,"level":20,"msg":"Theme config loaded.","time":"2016-06-21T02:13:35.124Z","v":0}
{"name":"hexo","hostname":"PC201606141041","pid":2384,"level":20,"msg":"Processed: _config.yml","time":"2016-06-21T02:13:35.125Z","v":0}
{"name":"hexo","hostname":"PC201606141041","pid":2384,"level":20,"msg":"Generator: page","time":"2016-06-21T02:13:35.251Z","v":0}
{"name":"hexo","hostname":"PC201606141041","pid":2384,"level":20,"msg":"Generator: post","time":"2016-06-21T02:13:35.251Z","v":0}
{"name":"hexo","hostname":"PC201606141041","pid":2384,"level":20,"msg":"Generator: archive","time":"2016-06-21T02:13:35.251Z","v":0}
{"name":"hexo","hostname":"PC201606141041","pid":2384,"level":20,"msg":"Generator: category","time":"2016-06-21T02:13:35.251Z","v":0}
{"name":"hexo","hostname":"PC201606141041","pid":2384,"level":20,"msg":"Generator: index","time":"2016-06-21T02:13:35.251Z","v":0}
{"name":"hexo","hostname":"PC201606141041","pid":2384,"level":20,"msg":"Generator: tag","time":"2016-06-21T02:13:35.251Z","v":0}
{"name":"hexo","hostname":"PC201606141041","pid":2384,"level":20,"msg":"Generator: asset","time":"2016-06-21T02:13:35.256Z","v":0}
{"name":"hexo","hostname":"PC201606141041","pid":2384,"level":20,"msg":"Rendering index: index.html","time":"2016-06-21T02:13:42.088Z","v":0}
{"name":"hexo","hostname":"PC201606141041","pid":2384,"level":20,"msg":"Theme config loaded.","time":"2016-06-21T02:14:16.786Z","v":0}
{"name":"hexo","hostname":"PC201606141041","pid":2384,"level":20,"msg":"Processed: _config.yml","time":"2016-06-21T02:14:16.786Z","v":0}
{"name":"hexo","hostname":"PC201606141041","pid":2384,"level":20,"msg":"Generator: page","time":"2016-06-21T02:14:16.899Z","v":0}
{"name":"hexo","hostname":"PC201606141041","pid":2384,"level":20,"msg":"Generator: post","time":"2016-06-21T02:14:16.899Z","v":0}
{"name":"hexo","hostname":"PC201606141041","pid":2384,"level":20,"msg":"Generator: archive","time":"2016-06-21T02:14:16.900Z","v":0}
{"name":"hexo","hostname":"PC201606141041","pid":2384,"level":20,"msg":"Generator: category","time":"2016-06-21T02:14:16.900Z","v":0}
{"name":"hexo","hostname":"PC201606141041","pid":2384,"level":20,"msg":"Generator: index","time":"2016-06-21T02:14:16.900Z","v":0}
{"name":"hexo","hostname":"PC201606141041","pid":2384,"level":20,"msg":"Generator: tag","time":"2016-06-21T02:14:16.900Z","v":0}
{"name":"hexo","hostname":"PC201606141041","pid":2384,"level":20,"msg":"Generator: asset","time":"2016-06-21T02:14:16.903Z","v":0}
{"name":"hexo","hostname":"PC201606141041","pid":2384,"level":20,"msg":"Theme config loaded.","time":"2016-06-21T02:14:16.958Z","v":0}
{"name":"hexo","hostname":"PC201606141041","pid":2384,"level":20,"msg":"Processed: _config.yml","time":"2016-06-21T02:14:16.958Z","v":0}
{"name":"hexo","hostname":"PC201606141041","pid":2384,"level":20,"msg":"Generator: page","time":"2016-06-21T02:14:17.081Z","v":0}
{"name":"hexo","hostname":"PC201606141041","pid":2384,"level":20,"msg":"Generator: post","time":"2016-06-21T02:14:17.082Z","v":0}
{"name":"hexo","hostname":"PC201606141041","pid":2384,"level":20,"msg":"Generator: archive","time":"2016-06-21T02:14:17.082Z","v":0}
{"name":"hexo","hostname":"PC201606141041","pid":2384,"level":20,"msg":"Generator: category","time":"2016-06-21T02:14:17.083Z","v":0}
{"name":"hexo","hostname":"PC201606141041","pid":2384,"level":20,"msg":"Generator: index","time":"2016-06-21T02:14:17.083Z","v":0}
{"name":"hexo","hostname":"PC201606141041","pid":2384,"level":20,"msg":"Generator: tag","time":"2016-06-21T02:14:17.083Z","v":0}
{"name":"hexo","hostname":"PC201606141041","pid":2384,"level":20,"msg":"Generator: asset","time":"2016-06-21T02:14:17.084Z","v":0}
{"name":"hexo","hostname":"PC201606141041","pid":2384,"level":20,"msg":"Rendering index: index.html","time":"2016-06-21T02:14:33.390Z","v":0}
{"name":"hexo","hostname":"PC201606141041","pid":2384,"level":20,"msg":"Theme config loaded.","time":"2016-06-21T02:14:45.218Z","v":0}
{"name":"hexo","hostname":"PC201606141041","pid":2384,"level":20,"msg":"Processed: _config.yml","time":"2016-06-21T02:14:45.218Z","v":0}
{"name":"hexo","hostname":"PC201606141041","pid":2384,"level":20,"msg":"Generator: page","time":"2016-06-21T02:14:45.331Z","v":0}
{"name":"hexo","hostname":"PC201606141041","pid":2384,"level":20,"msg":"Generator: post","time":"2016-06-21T02:14:45.331Z","v":0}
{"name":"hexo","hostname":"PC201606141041","pid":2384,"level":20,"msg":"Generator: archive","time":"2016-06-21T02:14:45.332Z","v":0}
{"name":"hexo","hostname":"PC201606141041","pid":2384,"level":20,"msg":"Generator: category","time":"2016-06-21T02:14:45.332Z","v":0}
{"name":"hexo","hostname":"PC201606141041","pid":2384,"level":20,"msg":"Generator: index","time":"2016-06-21T02:14:45.332Z","v":0}
{"name":"hexo","hostname":"PC201606141041","pid":2384,"level":20,"msg":"Generator: tag","time":"2016-06-21T02:14:45.332Z","v":0}
{"name":"hexo","hostname":"PC201606141041","pid":2384,"level":20,"msg":"Generator: asset","time":"2016-06-21T02:14:45.334Z","v":0}
{"name":"hexo","hostname":"PC201606141041","pid":2384,"level":20,"msg":"Theme config loaded.","time":"2016-06-21T02:14:45.451Z","v":0}
{"name":"hexo","hostname":"PC201606141041","pid":2384,"level":20,"msg":"Processed: _config.yml","time":"2016-06-21T02:14:45.451Z","v":0}
{"name":"hexo","hostname":"PC201606141041","pid":2384,"level":20,"msg":"Generator: page","time":"2016-06-21T02:14:45.585Z","v":0}
{"name":"hexo","hostname":"PC201606141041","pid":2384,"level":20,"msg":"Generator: post","time":"2016-06-21T02:14:45.585Z","v":0}
{"name":"hexo","hostname":"PC201606141041","pid":2384,"level":20,"msg":"Generator: archive","time":"2016-06-21T02:14:45.585Z","v":0}
{"name":"hexo","hostname":"PC201606141041","pid":2384,"level":20,"msg":"Generator: category","time":"2016-06-21T02:14:45.585Z","v":0}
{"name":"hexo","hostname":"PC201606141041","pid":2384,"level":20,"msg":"Generator: index","time":"2016-06-21T02:14:45.585Z","v":0}
{"name":"hexo","hostname":"PC201606141041","pid":2384,"level":20,"msg":"Generator: tag","time":"2016-06-21T02:14:45.586Z","v":0}
{"name":"hexo","hostname":"PC201606141041","pid":2384,"level":20,"msg":"Generator: asset","time":"2016-06-21T02:14:45.586Z","v":0}
{"name":"hexo","hostname":"PC201606141041","pid":2384,"level":20,"msg":"Theme config loaded.","time":"2016-06-21T02:14:45.641Z","v":0}
{"name":"hexo","hostname":"PC201606141041","pid":2384,"level":20,"msg":"Processed: _config.yml","time":"2016-06-21T02:14:45.642Z","v":0}
{"name":"hexo","hostname":"PC201606141041","pid":2384,"level":20,"msg":"Generator: page","time":"2016-06-21T02:14:45.760Z","v":0}
{"name":"hexo","hostname":"PC201606141041","pid":2384,"level":20,"msg":"Generator: post","time":"2016-06-21T02:14:45.760Z","v":0}
{"name":"hexo","hostname":"PC201606141041","pid":2384,"level":20,"msg":"Generator: archive","time":"2016-06-21T02:14:45.760Z","v":0}
{"name":"hexo","hostname":"PC201606141041","pid":2384,"level":20,"msg":"Generator: category","time":"2016-06-21T02:14:45.760Z","v":0}
{"name":"hexo","hostname":"PC201606141041","pid":2384,"level":20,"msg":"Generator: index","time":"2016-06-21T02:14:45.760Z","v":0}
{"name":"hexo","hostname":"PC201606141041","pid":2384,"level":20,"msg":"Generator: tag","time":"2016-06-21T02:14:45.761Z","v":0}
{"name":"hexo","hostname":"PC201606141041","pid":2384,"level":20,"msg":"Generator: asset","time":"2016-06-21T02:14:45.763Z","v":0}
{"name":"hexo","hostname":"PC201606141041","pid":2384,"level":20,"msg":"Theme config loaded.","time":"2016-06-21T02:14:45.800Z","v":0}
{"name":"hexo","hostname":"PC201606141041","pid":2384,"level":20,"msg":"Processed: _config.yml","time":"2016-06-21T02:14:45.801Z","v":0}
{"name":"hexo","hostname":"PC201606141041","pid":2384,"level":20,"msg":"Generator: page","time":"2016-06-21T02:14:45.912Z","v":0}
{"name":"hexo","hostname":"PC201606141041","pid":2384,"level":20,"msg":"Generator: post","time":"2016-06-21T02:14:45.913Z","v":0}
{"name":"hexo","hostname":"PC201606141041","pid":2384,"level":20,"msg":"Generator: archive","time":"2016-06-21T02:14:45.913Z","v":0}
{"name":"hexo","hostname":"PC201606141041","pid":2384,"level":20,"msg":"Generator: category","time":"2016-06-21T02:14:45.914Z","v":0}
{"name":"hexo","hostname":"PC201606141041","pid":2384,"level":20,"msg":"Generator: index","time":"2016-06-21T02:14:45.914Z","v":0}
{"name":"hexo","hostname":"PC201606141041","pid":2384,"level":20,"msg":"Generator: tag","time":"2016-06-21T02:14:45.914Z","v":0}
{"name":"hexo","hostname":"PC201606141041","pid":2384,"level":20,"msg":"Generator: asset","time":"2016-06-21T02:14:45.917Z","v":0}
{"name":"hexo","hostname":"PC201606141041","pid":2384,"level":20,"msg":"Rendering index: index.html","time":"2016-06-21T02:14:46.807Z","v":0}
{"name":"hexo","hostname":"PC201606141041","pid":2384,"level":20,"msg":"Rendering index: index.html","time":"2016-06-21T02:16:26.873Z","v":0}
{"name":"hexo","hostname":"PC201606141041","pid":2384,"level":20,"msg":"Rendering index: index.html","time":"2016-06-21T02:17:43.701Z","v":0}
{"name":"hexo","hostname":"lenovo-PC","pid":6764,"level":20,"msg":"Hexo version: \u001b[35m3.2.0\u001b[39m","time":"2016-06-23T16:10:27.415Z","v":0}
{"name":"hexo","hostname":"lenovo-PC","pid":6764,"level":20,"msg":"Working directory: \u001b[35mF:\\learning\\sunhengzhe.github.io\\\u001b[39m","time":"2016-06-23T16:10:27.422Z","v":0}
{"name":"hexo","hostname":"lenovo-PC","pid":6764,"level":20,"msg":"Config loaded: \u001b[35mF:\\learning\\sunhengzhe.github.io\\_config.yml\u001b[39m","time":"2016-06-23T16:10:27.707Z","v":0}
{"name":"hexo","hostname":"lenovo-PC","pid":6764,"level":20,"msg":"Plugin loaded: \u001b[35mhexo-generator-cname\u001b[39m","time":"2016-06-23T16:10:27.726Z","v":0}
{"name":"hexo","hostname":"lenovo-PC","pid":6764,"level":20,"msg":"Script loaded: \u001b[35mthemes\\next\\scripts\\merge-configs.js\u001b[39m","time":"2016-06-23T16:10:27.733Z","v":0}
{"name":"hexo","hostname":"lenovo-PC","pid":6764,"level":20,"msg":"Script loaded: \u001b[35mthemes\\next\\scripts\\tags\\center-quote.js\u001b[39m","time":"2016-06-23T16:10:27.736Z","v":0}
{"name":"hexo","hostname":"lenovo-PC","pid":6764,"level":20,"msg":"Script loaded: \u001b[35mthemes\\next\\scripts\\tags\\group-pictures.js\u001b[39m","time":"2016-06-23T16:10:27.741Z","v":0}
{"name":"hexo","hostname":"lenovo-PC","pid":6764,"level":20,"msg":"Script loaded: \u001b[35mthemes\\next\\scripts\\tags\\full-image.js\u001b[39m","time":"2016-06-23T16:10:27.744Z","v":0}
{"name":"hexo","hostname":"lenovo-PC","pid":6764,"level":60,"err":{"message":"Console `help` has not been registered yet!","name":"Error","stack":"Error: Console `help` has not been registered yet!\n    at F:\\learning\\sunhengzhe.github.io\\node_modules\\hexo\\lib\\hexo\\index.js:194:14\n    at Promise._execute (F:\\learning\\sunhengzhe.github.io\\node_modules\\bluebird\\js\\release\\debuggability.js:272:9)\n    at Promise._resolveFromExecutor (F:\\learning\\sunhengzhe.github.io\\node_modules\\bluebird\\js\\release\\promise.js:475:18)\n    at new Promise (F:\\learning\\sunhengzhe.github.io\\node_modules\\bluebird\\js\\release\\promise.js:77:14)\n    at Hexo.call (F:\\learning\\sunhengzhe.github.io\\node_modules\\hexo\\lib\\hexo\\index.js:188:10)\n    at runHexoCommand (C:\\Program Files\\nodejs\\node_modules\\hexo\\node_modules\\hexo-cli\\lib\\index.js:58:17)\n    at tryCatcher (F:\\learning\\sunhengzhe.github.io\\node_modules\\bluebird\\js\\release\\util.js:16:23)\n    at Promise._settlePromiseFromHandler (F:\\learning\\sunhengzhe.github.io\\node_modules\\bluebird\\js\\release\\promise.js:504:31)\n    at Promise._settlePromise (F:\\learning\\sunhengzhe.github.io\\node_modules\\bluebird\\js\\release\\promise.js:561:18)\n    at Promise._settlePromise0 (F:\\learning\\sunhengzhe.github.io\\node_modules\\bluebird\\js\\release\\promise.js:606:10)\n    at Promise._settlePromises (F:\\learning\\sunhengzhe.github.io\\node_modules\\bluebird\\js\\release\\promise.js:685:18)\n    at Async._drainQueue (F:\\learning\\sunhengzhe.github.io\\node_modules\\bluebird\\js\\release\\async.js:138:16)\n    at Async._drainQueues (F:\\learning\\sunhengzhe.github.io\\node_modules\\bluebird\\js\\release\\async.js:148:10)\n    at Immediate.Async.drainQueues [as _onImmediate] (F:\\learning\\sunhengzhe.github.io\\node_modules\\bluebird\\js\\release\\async.js:17:14)\n    at tryOnImmediate (timers.js:543:15)\n    at processImmediate [as _immediateCallback] (timers.js:523:5)"},"msg":"Something's wrong. Maybe you can find the solution here: \u001b[4mhttp://hexo.io/docs/troubleshooting.html\u001b[24m","time":"2016-06-23T16:10:27.751Z","v":0}
{"name":"hexo","hostname":"lenovo-PC","pid":6764,"level":20,"msg":"Database saved","time":"2016-06-23T16:10:27.765Z","v":0}
{"name":"hexo","hostname":"lenovo-PC","pid":7720,"level":20,"msg":"Hexo version: \u001b[35m3.2.0\u001b[39m","time":"2016-06-23T16:14:46.674Z","v":0}
{"name":"hexo","hostname":"lenovo-PC","pid":7720,"level":20,"msg":"Working directory: \u001b[35mF:\\learning\\sunhengzhe.github.io\\\u001b[39m","time":"2016-06-23T16:14:46.681Z","v":0}
{"name":"hexo","hostname":"lenovo-PC","pid":7720,"level":20,"msg":"Config loaded: \u001b[35mF:\\learning\\sunhengzhe.github.io\\_config.yml\u001b[39m","time":"2016-06-23T16:14:46.972Z","v":0}
{"name":"hexo","hostname":"lenovo-PC","pid":7720,"level":20,"msg":"Plugin loaded: \u001b[35mhexo-generator-cname\u001b[39m","time":"2016-06-23T16:14:46.991Z","v":0}
{"name":"hexo","hostname":"lenovo-PC","pid":7720,"level":20,"msg":"Script loaded: \u001b[35mthemes\\next\\scripts\\tags\\center-quote.js\u001b[39m","time":"2016-06-23T16:14:47.001Z","v":0}
{"name":"hexo","hostname":"lenovo-PC","pid":7720,"level":20,"msg":"Script loaded: \u001b[35mthemes\\next\\scripts\\merge-configs.js\u001b[39m","time":"2016-06-23T16:14:47.004Z","v":0}
{"name":"hexo","hostname":"lenovo-PC","pid":7720,"level":20,"msg":"Script loaded: \u001b[35mthemes\\next\\scripts\\tags\\full-image.js\u001b[39m","time":"2016-06-23T16:14:47.006Z","v":0}
{"name":"hexo","hostname":"lenovo-PC","pid":7720,"level":20,"msg":"Script loaded: \u001b[35mthemes\\next\\scripts\\tags\\group-pictures.js\u001b[39m","time":"2016-06-23T16:14:47.011Z","v":0}
{"name":"hexo","hostname":"lenovo-PC","pid":7720,"level":60,"err":{"message":"Console `help` has not been registered yet!","name":"Error","stack":"Error: Console `help` has not been registered yet!\n    at F:\\learning\\sunhengzhe.github.io\\node_modules\\hexo\\lib\\hexo\\index.js:194:14\n    at Promise._execute (F:\\learning\\sunhengzhe.github.io\\node_modules\\bluebird\\js\\release\\debuggability.js:272:9)\n    at Promise._resolveFromExecutor (F:\\learning\\sunhengzhe.github.io\\node_modules\\bluebird\\js\\release\\promise.js:475:18)\n    at new Promise (F:\\learning\\sunhengzhe.github.io\\node_modules\\bluebird\\js\\release\\promise.js:77:14)\n    at Hexo.call (F:\\learning\\sunhengzhe.github.io\\node_modules\\hexo\\lib\\hexo\\index.js:188:10)\n    at runHexoCommand (C:\\Program Files\\nodejs\\node_modules\\hexo\\node_modules\\hexo-cli\\lib\\index.js:58:17)\n    at tryCatcher (F:\\learning\\sunhengzhe.github.io\\node_modules\\bluebird\\js\\release\\util.js:16:23)\n    at Promise._settlePromiseFromHandler (F:\\learning\\sunhengzhe.github.io\\node_modules\\bluebird\\js\\release\\promise.js:504:31)\n    at Promise._settlePromise (F:\\learning\\sunhengzhe.github.io\\node_modules\\bluebird\\js\\release\\promise.js:561:18)\n    at Promise._settlePromise0 (F:\\learning\\sunhengzhe.github.io\\node_modules\\bluebird\\js\\release\\promise.js:606:10)\n    at Promise._settlePromises (F:\\learning\\sunhengzhe.github.io\\node_modules\\bluebird\\js\\release\\promise.js:685:18)\n    at Async._drainQueue (F:\\learning\\sunhengzhe.github.io\\node_modules\\bluebird\\js\\release\\async.js:138:16)\n    at Async._drainQueues (F:\\learning\\sunhengzhe.github.io\\node_modules\\bluebird\\js\\release\\async.js:148:10)\n    at Immediate.Async.drainQueues [as _onImmediate] (F:\\learning\\sunhengzhe.github.io\\node_modules\\bluebird\\js\\release\\async.js:17:14)\n    at tryOnImmediate (timers.js:543:15)\n    at processImmediate [as _immediateCallback] (timers.js:523:5)"},"msg":"Something's wrong. Maybe you can find the solution here: \u001b[4mhttp://hexo.io/docs/troubleshooting.html\u001b[24m","time":"2016-06-23T16:14:47.020Z","v":0}
{"name":"hexo","hostname":"lenovo-PC","pid":7720,"level":20,"msg":"Database saved","time":"2016-06-23T16:14:47.035Z","v":0}
{"name":"hexo","hostname":"lenovo-PC","pid":4116,"level":20,"msg":"Hexo version: \u001b[35m3.2.0\u001b[39m","time":"2016-06-23T16:19:11.080Z","v":0}
{"name":"hexo","hostname":"lenovo-PC","pid":4116,"level":20,"msg":"Working directory: \u001b[35mf:\\learning\\sunhengzhe.github.io\\\u001b[39m","time":"2016-06-23T16:19:11.088Z","v":0}
{"name":"hexo","hostname":"lenovo-PC","pid":4116,"level":20,"msg":"Config loaded: \u001b[35mf:\\learning\\sunhengzhe.github.io\\_config.yml\u001b[39m","time":"2016-06-23T16:19:11.376Z","v":0}
{"name":"hexo","hostname":"lenovo-PC","pid":4116,"level":20,"msg":"Plugin loaded: \u001b[35mhexo-generator-cname\u001b[39m","time":"2016-06-23T16:19:11.394Z","v":0}
{"name":"hexo","hostname":"lenovo-PC","pid":4116,"level":20,"msg":"Script loaded: \u001b[35mthemes\\next\\scripts\\tags\\full-image.js\u001b[39m","time":"2016-06-23T16:19:11.400Z","v":0}
{"name":"hexo","hostname":"lenovo-PC","pid":4116,"level":20,"msg":"Script loaded: \u001b[35mthemes\\next\\scripts\\merge-configs.js\u001b[39m","time":"2016-06-23T16:19:11.402Z","v":0}
{"name":"hexo","hostname":"lenovo-PC","pid":4116,"level":20,"msg":"Script loaded: \u001b[35mthemes\\next\\scripts\\tags\\group-pictures.js\u001b[39m","time":"2016-06-23T16:19:11.407Z","v":0}
{"name":"hexo","hostname":"lenovo-PC","pid":4116,"level":20,"msg":"Script loaded: \u001b[35mthemes\\next\\scripts\\tags\\center-quote.js\u001b[39m","time":"2016-06-23T16:19:11.410Z","v":0}
{"name":"hexo","hostname":"lenovo-PC","pid":4116,"level":20,"msg":"Database saved","time":"2016-06-23T16:19:11.440Z","v":0}
{"name":"hexo","hostname":"lenovo-PC","pid":7372,"level":20,"msg":"Hexo version: \u001b[35m3.2.0\u001b[39m","time":"2016-06-23T16:20:42.449Z","v":0}
{"name":"hexo","hostname":"lenovo-PC","pid":7372,"level":20,"msg":"Working directory: \u001b[35mF:\\learning\\sunhengzhe.github.io\\\u001b[39m","time":"2016-06-23T16:20:42.458Z","v":0}
{"name":"hexo","hostname":"lenovo-PC","pid":7372,"level":20,"msg":"Config loaded: \u001b[35mF:\\learning\\sunhengzhe.github.io\\_config.yml\u001b[39m","time":"2016-06-23T16:20:42.745Z","v":0}
{"name":"hexo","hostname":"lenovo-PC","pid":7372,"level":20,"msg":"Plugin loaded: \u001b[35mhexo-generator-cname\u001b[39m","time":"2016-06-23T16:20:42.763Z","v":0}
{"name":"hexo","hostname":"lenovo-PC","pid":7372,"level":20,"msg":"Script loaded: \u001b[35mthemes\\next\\scripts\\merge-configs.js\u001b[39m","time":"2016-06-23T16:20:42.769Z","v":0}
{"name":"hexo","hostname":"lenovo-PC","pid":7372,"level":20,"msg":"Script loaded: \u001b[35mthemes\\next\\scripts\\tags\\center-quote.js\u001b[39m","time":"2016-06-23T16:20:42.771Z","v":0}
{"name":"hexo","hostname":"lenovo-PC","pid":7372,"level":20,"msg":"Script loaded: \u001b[35mthemes\\next\\scripts\\tags\\full-image.js\u001b[39m","time":"2016-06-23T16:20:42.774Z","v":0}
{"name":"hexo","hostname":"lenovo-PC","pid":7372,"level":20,"msg":"Script loaded: \u001b[35mthemes\\next\\scripts\\tags\\group-pictures.js\u001b[39m","time":"2016-06-23T16:20:42.780Z","v":0}
{"name":"hexo","hostname":"lenovo-PC","pid":7372,"level":20,"msg":"Database saved","time":"2016-06-23T16:20:42.811Z","v":0}
{"name":"hexo","hostname":"lenovo-PC","pid":204,"level":20,"msg":"Hexo version: \u001b[35m3.2.0\u001b[39m","time":"2016-06-23T16:21:43.671Z","v":0}
{"name":"hexo","hostname":"lenovo-PC","pid":204,"level":20,"msg":"Working directory: \u001b[35mF:\\learning\\sunhengzhe.github.io\\\u001b[39m","time":"2016-06-23T16:21:43.679Z","v":0}
{"name":"hexo","hostname":"lenovo-PC","pid":204,"level":20,"msg":"Config loaded: \u001b[35mF:\\learning\\sunhengzhe.github.io\\_config.yml\u001b[39m","time":"2016-06-23T16:21:43.965Z","v":0}
{"name":"hexo","hostname":"lenovo-PC","pid":204,"level":20,"msg":"Plugin loaded: \u001b[35mhexo-generator-cname\u001b[39m","time":"2016-06-23T16:21:43.982Z","v":0}
{"name":"hexo","hostname":"lenovo-PC","pid":204,"level":20,"msg":"Script loaded: \u001b[35mthemes\\next\\scripts\\tags\\full-image.js\u001b[39m","time":"2016-06-23T16:21:43.988Z","v":0}
{"name":"hexo","hostname":"lenovo-PC","pid":204,"level":20,"msg":"Script loaded: \u001b[35mthemes\\next\\scripts\\tags\\center-quote.js\u001b[39m","time":"2016-06-23T16:21:43.991Z","v":0}
{"name":"hexo","hostname":"lenovo-PC","pid":204,"level":20,"msg":"Script loaded: \u001b[35mthemes\\next\\scripts\\merge-configs.js\u001b[39m","time":"2016-06-23T16:21:43.994Z","v":0}
{"name":"hexo","hostname":"lenovo-PC","pid":204,"level":20,"msg":"Script loaded: \u001b[35mthemes\\next\\scripts\\tags\\group-pictures.js\u001b[39m","time":"2016-06-23T16:21:44.001Z","v":0}
{"name":"hexo","hostname":"lenovo-PC","pid":204,"level":50,"msg":"Deployer not found: \u001b[35mgit\u001b[39m","time":"2016-06-23T16:21:44.006Z","v":0}
{"name":"hexo","hostname":"lenovo-PC","pid":204,"level":20,"msg":"Database saved","time":"2016-06-23T16:21:44.015Z","v":0}
{"name":"hexo","hostname":"lenovo-PC","pid":7576,"level":20,"msg":"Hexo version: \u001b[35m3.2.0\u001b[39m","time":"2016-06-23T16:22:42.118Z","v":0}
{"name":"hexo","hostname":"lenovo-PC","pid":7576,"level":20,"msg":"Working directory: \u001b[35mF:\\learning\\sunhengzhe.github.io\\\u001b[39m","time":"2016-06-23T16:22:42.127Z","v":0}
{"name":"hexo","hostname":"lenovo-PC","pid":7576,"level":20,"msg":"Config loaded: \u001b[35mF:\\learning\\sunhengzhe.github.io\\_config.yml\u001b[39m","time":"2016-06-23T16:22:42.412Z","v":0}
{"name":"hexo","hostname":"lenovo-PC","pid":7576,"level":20,"msg":"Plugin loaded: \u001b[35mhexo-generator-cname\u001b[39m","time":"2016-06-23T16:22:42.430Z","v":0}
{"name":"hexo","hostname":"lenovo-PC","pid":7576,"level":20,"msg":"Script loaded: \u001b[35mthemes\\next\\scripts\\merge-configs.js\u001b[39m","time":"2016-06-23T16:22:42.436Z","v":0}
{"name":"hexo","hostname":"lenovo-PC","pid":7576,"level":20,"msg":"Script loaded: \u001b[35mthemes\\next\\scripts\\tags\\center-quote.js\u001b[39m","time":"2016-06-23T16:22:42.439Z","v":0}
{"name":"hexo","hostname":"lenovo-PC","pid":7576,"level":20,"msg":"Script loaded: \u001b[35mthemes\\next\\scripts\\tags\\group-pictures.js\u001b[39m","time":"2016-06-23T16:22:42.444Z","v":0}
{"name":"hexo","hostname":"lenovo-PC","pid":7576,"level":20,"msg":"Script loaded: \u001b[35mthemes\\next\\scripts\\tags\\full-image.js\u001b[39m","time":"2016-06-23T16:22:42.447Z","v":0}
{"name":"hexo","hostname":"lenovo-PC","pid":7576,"level":50,"msg":"Deployer not found: \u001b[35mgit\u001b[39m","time":"2016-06-23T16:22:42.454Z","v":0}
{"name":"hexo","hostname":"lenovo-PC","pid":7576,"level":20,"msg":"Database saved","time":"2016-06-23T16:22:42.462Z","v":0}
